<?xml version="1.0" encoding="UTF-8"?>
<!-- Generated by org.testng.reporters.JUnitReportReporter -->
<testsuite skipped="0" hostname="shandhiyasenthil" name="Attribute" tests="1" failures="0" timestamp="06 Nov 2020 17:03:26 GMT" time="22.287" errors="0">
  <testcase name="Register" time="22.287" classname="Attribute"/>
</testsuite> <!-- Attribute -->
